<?xml version="1.0" encoding="UTF-8"?>
<!-- Generated by org.testng.reporters.JUnitReportReporter -->
<testsuite skipped="0" hostname="Mahavishnu-PC" name="DemoPackage.Demo1" tests="1" failures="0" timestamp="27 Oct 2019 16:13:24 GMT" time="17.740" errors="0">
  <testcase name="DemoAPITest" time="17.740" classname="DemoPackage.Demo1"/>
</testsuite> <!-- DemoPackage.Demo1 -->
